<?xml version="1.0" encoding="UTF-8"?>
<robot generator="Robot 7.4 (Python 3.13.2 on win32)" generated="2025-12-21T11:35:07.755253" rpa="false" schemaversion="5">
<suite id="s1" name="Robot tests" source="C:\Users\camba\Robot_tests">
<suite id="s1-s1" name="Tests" source="C:\Users\camba\Robot_tests\tests">
<suite id="s1-s1-s1" name="E2E" source="C:\Users\camba\Robot_tests\tests\e2e">
<suite id="s1-s1-s1-s1" name="Checkout" source="C:\Users\camba\Robot_tests\tests\e2e\checkout.robot">
<test id="s1-s1-s1-s1-t1" name="Checkout valida soma, tax e total" line="65">
<kw name="Open Application" owner="keywords" type="SETUP">
<kw name="New Browser" owner="Browser">
<msg time="2025-12-21T11:35:08.091810" level="INFO">{"browser": "chromium", "headless": false, "chromiumSandbox": false, "devtools": false, "handleSIGHUP": true, "handleSIGINT": true, "handleSIGTERM": true, "slowMo": 0.0, "timeout": 30000.0, "tracesDir": "C:\\Users\\camba\\Robot_tests\\results\\browser\\traces\\temp\\655d5ae9-0241-4a28-b5dc-6dc9e9cd368e"}</msg>
<msg time="2025-12-21T11:35:08.121706" level="INFO">Starting Browser process C:\Users\camba\Robot_tests\venv\Lib\site-packages\Browser\wrapper\index.js using at 127.0.0.1:55427</msg>
<msg time="2025-12-21T11:35:09.440667" level="INFO">Successfully created browser with options: {"browser":"chromium","headless":false,"chromiumSandbox":false,"devtools":false,"handleSIGHUP":true,"handleSIGINT":true,"handleSIGTERM":true,"slowMo":0,"timeout":30000,"tracesDir":"C:\\Users\\camba\\Robot_tests\\results\\browser\\traces\\temp\\655d5ae9-0241-4a28-b5dc-6dc9e9cd368e"}</msg>
<arg>${BROWSER}</arg>
<arg>headless=false</arg>
<tag>BrowserControl</tag>
<tag>Setter</tag>
<doc>Create a new playwright Browser with specified options.</doc>
<status status="PASS" start="2025-12-21T11:35:08.090987" elapsed="1.350827"/>
</kw>
<kw name="New Context" owner="Browser">
<msg time="2025-12-21T11:35:09.446388" level="INFO">{
  "acceptDownloads": true,
  "bypassCSP": false,
  "forcedColors": "none",
  "ignoreHTTPSErrors": false,
  "javaScriptEnabled": true,
  "offline": false,
  "reducedMotion": "no-preference",
  "serviceWorkers": "allow",
  "viewport": {
    "width": 1280,
    "height": 720
  }
}</msg>
<msg time="2025-12-21T11:35:09.478582" level="INFO">Successfully created context. </msg>
<msg time="2025-12-21T11:35:09.479133" level="INFO">{'acceptDownloads': True, 'bypassCSP': False, 'forcedColors': 'none', 'ignoreHTTPSErrors': False, 'javaScriptEnabled': True, 'offline': False, 'reducedMotion': 'no-preference', 'serviceWorkers': 'allow', 'viewport': {'width': 1280, 'height': 720}}</msg>
<tag>BrowserControl</tag>
<tag>Setter</tag>
<doc>Create a new BrowserContext with specified options.</doc>
<status status="PASS" start="2025-12-21T11:35:09.442544" elapsed="0.037603"/>
</kw>
<kw name="New Page" owner="Browser">
<msg time="2025-12-21T11:35:10.523462" level="INFO">Successfully initialized new page object and opened url: https://www.saucedemo.com</msg>
<arg>${BASE_URL}</arg>
<tag>BrowserControl</tag>
<tag>Setter</tag>
<doc>Open a new Page.</doc>
<status status="PASS" start="2025-12-21T11:35:09.480654" elapsed="1.044257"/>
</kw>
<status status="PASS" start="2025-12-21T11:35:08.090114" elapsed="2.435309"/>
</kw>
<kw name="Login With Credentials" owner="keywords">
<kw name="Fill Text" owner="Browser">
<msg time="2025-12-21T11:35:10.529251" level="INFO">Fills the text 'standard_user' in the given field.</msg>
<arg>css=input[data-test="username"]</arg>
<arg>${user}</arg>
<tag>PageContent</tag>
<tag>Setter</tag>
<doc>Clears and fills the given ``txt`` into the text field found by ``selector``.</doc>
<status status="PASS" start="2025-12-21T11:35:10.528495" elapsed="0.066648"/>
</kw>
<kw name="Fill Text" owner="Browser">
<msg time="2025-12-21T11:35:10.596615" level="INFO">Fills the text 'secret_sauce' in the given field.</msg>
<arg>css=input[data-test="password"]</arg>
<arg>${password}</arg>
<tag>PageContent</tag>
<tag>Setter</tag>
<doc>Clears and fills the given ``txt`` into the text field found by ``selector``.</doc>
<status status="PASS" start="2025-12-21T11:35:10.595543" elapsed="0.021516"/>
</kw>
<kw name="Click" owner="Browser">
<msg time="2025-12-21T11:35:10.619109" level="INFO">Clicks the element 'css=input[data-test="login-button"]'.</msg>
<arg>css=input[data-test="login-button"]</arg>
<tag>PageContent</tag>
<tag>Setter</tag>
<doc>Simulates mouse click on the element found by ``selector``.</doc>
<status status="PASS" start="2025-12-21T11:35:10.617673" elapsed="0.106099"/>
</kw>
<arg>${VALID_USER}</arg>
<arg>${VALID_PASSWORD}</arg>
<status status="PASS" start="2025-12-21T11:35:10.527682" elapsed="0.196719"/>
</kw>
<kw name="Click" owner="Browser">
<msg time="2025-12-21T11:35:10.727377" level="INFO">Clicks the element 'button[data-test="add-to-cart-sauce-labs-backpack"]'.</msg>
<arg>button[data-test="add-to-cart-sauce-labs-backpack"]</arg>
<tag>PageContent</tag>
<tag>Setter</tag>
<doc>Simulates mouse click on the element found by ``selector``.</doc>
<status status="PASS" start="2025-12-21T11:35:10.725606" elapsed="0.059348"/>
</kw>
<kw name="Click" owner="Browser">
<msg time="2025-12-21T11:35:10.786631" level="INFO">Clicks the element 'button[data-test="add-to-cart-sauce-labs-bike-light"]'.</msg>
<arg>button[data-test="add-to-cart-sauce-labs-bike-light"]</arg>
<tag>PageContent</tag>
<tag>Setter</tag>
<doc>Simulates mouse click on the element found by ``selector``.</doc>
<status status="PASS" start="2025-12-21T11:35:10.785508" elapsed="0.083670"/>
</kw>
<kw name="Click" owner="Browser">
<msg time="2025-12-21T11:35:10.870849" level="INFO">Clicks the element 'a[data-test="shopping-cart-link"]'.</msg>
<arg>a[data-test="shopping-cart-link"]</arg>
<tag>PageContent</tag>
<tag>Setter</tag>
<doc>Simulates mouse click on the element found by ``selector``.</doc>
<status status="PASS" start="2025-12-21T11:35:10.869960" elapsed="0.043214"/>
</kw>
<kw name="Click" owner="Browser">
<msg time="2025-12-21T11:35:10.914413" level="INFO">Clicks the element 'button[data-test="checkout"]'.</msg>
<arg>button[data-test="checkout"]</arg>
<tag>PageContent</tag>
<tag>Setter</tag>
<doc>Simulates mouse click on the element found by ``selector``.</doc>
<status status="PASS" start="2025-12-21T11:35:10.913664" elapsed="0.049073"/>
</kw>
<kw name="Fill Text" owner="Browser">
<msg time="2025-12-21T11:35:10.963882" level="INFO">Fills the text 'QA' in the given field.</msg>
<arg>input[data-test="firstName"]</arg>
<arg>QA</arg>
<tag>PageContent</tag>
<tag>Setter</tag>
<doc>Clears and fills the given ``txt`` into the text field found by ``selector``.</doc>
<status status="PASS" start="2025-12-21T11:35:10.963131" elapsed="0.016871"/>
</kw>
<kw name="Fill Text" owner="Browser">
<msg time="2025-12-21T11:35:10.981877" level="INFO">Fills the text 'Robot' in the given field.</msg>
<arg>input[data-test="lastName"]</arg>
<arg>Robot</arg>
<tag>PageContent</tag>
<tag>Setter</tag>
<doc>Clears and fills the given ``txt`` into the text field found by ``selector``.</doc>
<status status="PASS" start="2025-12-21T11:35:10.980762" elapsed="0.020663"/>
</kw>
<kw name="Fill Text" owner="Browser">
<msg time="2025-12-21T11:35:11.003280" level="INFO">Fills the text '99999' in the given field.</msg>
<arg>input[data-test="postalCode"]</arg>
<arg>99999</arg>
<tag>PageContent</tag>
<tag>Setter</tag>
<doc>Clears and fills the given ``txt`` into the text field found by ``selector``.</doc>
<status status="PASS" start="2025-12-21T11:35:11.002094" elapsed="0.018360"/>
</kw>
<kw name="Click" owner="Browser">
<msg time="2025-12-21T11:35:11.022541" level="INFO">Clicks the element 'input[data-test="continue"]'.</msg>
<arg>input[data-test="continue"]</arg>
<tag>PageContent</tag>
<tag>Setter</tag>
<doc>Simulates mouse click on the element found by ``selector``.</doc>
<status status="PASS" start="2025-12-21T11:35:11.021213" elapsed="0.033518"/>
</kw>
<kw name="Wait For Elements State" owner="Browser">
<msg time="2025-12-21T11:35:11.065082" level="INFO">Waited for Element with selector css=span[data-test="title"] at state visible</msg>
<arg>css=span[data-test="title"]</arg>
<arg>visible</arg>
<tag>PageContent</tag>
<tag>Wait</tag>
<doc>Waits for the element found by ``selector`` to satisfy state option.</doc>
<status status="PASS" start="2025-12-21T11:35:11.055192" elapsed="0.011425"/>
</kw>
<kw name="Get Text" owner="Browser">
<msg time="2025-12-21T11:35:11.101101" level="INFO">Text: 'Checkout: Overview'</msg>
<msg time="2025-12-21T11:35:11.101548" level="INFO">${title} = Checkout: Overview</msg>
<var>${title}</var>
<arg>css=span[data-test="title"]</arg>
<tag>Assertion</tag>
<tag>Getter</tag>
<tag>PageContent</tag>
<doc>Returns text attribute of the element found by ``selector``.</doc>
<status status="PASS" start="2025-12-21T11:35:11.067123" elapsed="0.034569"/>
</kw>
<kw name="Should Be Equal" owner="BuiltIn">
<arg>${title}</arg>
<arg>Checkout: Overview</arg>
<doc>Fails if the given objects are unequal.</doc>
<status status="PASS" start="2025-12-21T11:35:11.102198" elapsed="0.000996"/>
</kw>
<kw name="Get Elements" owner="Browser">
<msg time="2025-12-21T11:35:11.115190" level="INFO">Found locator('div.inventory_item_price').first(),locator('div.inventory_item_price').nth(1) Locators successfully.</msg>
<msg time="2025-12-21T11:35:11.116001" level="INFO">${elements} = ['css=div.inventory_item_price &gt;&gt; nth=0', 'css=div.inventory_item_price &gt;&gt; nth=1']</msg>
<var>${elements}</var>
<arg>css=div.inventory_item_price</arg>
<tag>Getter</tag>
<tag>PageContent</tag>
<doc>Returns a reference to Playwright [https://playwright.dev/docs/api/class-locator|Locator]
for all matched elements by ``selector``.</doc>
<status status="PASS" start="2025-12-21T11:35:11.103589" elapsed="0.012571"/>
</kw>
<kw name="Create List" owner="BuiltIn">
<msg time="2025-12-21T11:35:11.117344" level="INFO">${prices} = []</msg>
<var>${prices}</var>
<doc>Returns a list containing given items.</doc>
<status status="PASS" start="2025-12-21T11:35:11.116664" elapsed="0.000811"/>
</kw>
<for flavor="IN">
<iter>
<kw name="Get Text" owner="Browser">
<msg time="2025-12-21T11:35:11.134093" level="INFO">Text: '$29.99'</msg>
<msg time="2025-12-21T11:35:11.134498" level="INFO">${text} = $29.99</msg>
<var>${text}</var>
<arg>${el}</arg>
<tag>Assertion</tag>
<tag>Getter</tag>
<tag>PageContent</tag>
<doc>Returns text attribute of the element found by ``selector``.</doc>
<status status="PASS" start="2025-12-21T11:35:11.118588" elapsed="0.016049"/>
</kw>
<kw name="Evaluate" owner="BuiltIn">
<msg time="2025-12-21T11:35:11.135929" level="INFO">${value} = 29.99</msg>
<var>${value}</var>
<arg>float($text.replace('$',''))</arg>
<doc>Evaluates the given expression in Python and returns the result.</doc>
<status status="PASS" start="2025-12-21T11:35:11.134886" elapsed="0.001397"/>
</kw>
<kw name="Append To List" owner="Collections">
<arg>${prices}</arg>
<arg>${value}</arg>
<doc>Adds ``values`` to the end of ``list``.</doc>
<status status="PASS" start="2025-12-21T11:35:11.136597" elapsed="0.000967"/>
</kw>
<var name="${el}">css=div.inventory_item_price &gt;&gt; nth=0</var>
<status status="PASS" start="2025-12-21T11:35:11.118276" elapsed="0.019431"/>
</iter>
<iter>
<kw name="Get Text" owner="Browser">
<msg time="2025-12-21T11:35:11.152793" level="INFO">Text: '$9.99'</msg>
<msg time="2025-12-21T11:35:11.153187" level="INFO">${text} = $9.99</msg>
<var>${text}</var>
<arg>${el}</arg>
<tag>Assertion</tag>
<tag>Getter</tag>
<tag>PageContent</tag>
<doc>Returns text attribute of the element found by ``selector``.</doc>
<status status="PASS" start="2025-12-21T11:35:11.138297" elapsed="0.015001"/>
</kw>
<kw name="Evaluate" owner="BuiltIn">
<msg time="2025-12-21T11:35:11.154541" level="INFO">${value} = 9.99</msg>
<var>${value}</var>
<arg>float($text.replace('$',''))</arg>
<doc>Evaluates the given expression in Python and returns the result.</doc>
<status status="PASS" start="2025-12-21T11:35:11.153534" elapsed="0.001158"/>
</kw>
<kw name="Append To List" owner="Collections">
<arg>${prices}</arg>
<arg>${value}</arg>
<doc>Adds ``values`` to the end of ``list``.</doc>
<status status="PASS" start="2025-12-21T11:35:11.154870" elapsed="0.000519"/>
</kw>
<var name="${el}">css=div.inventory_item_price &gt;&gt; nth=1</var>
<status status="PASS" start="2025-12-21T11:35:11.137915" elapsed="0.017616"/>
</iter>
<var>${el}</var>
<value>@{elements}</value>
<status status="PASS" start="2025-12-21T11:35:11.117779" elapsed="0.037855"/>
</for>
<kw name="Evaluate" owner="BuiltIn">
<msg time="2025-12-21T11:35:11.156946" level="INFO">${calculated_sum} = 39.98</msg>
<var>${calculated_sum}</var>
<arg>round(sum($prices), 2)</arg>
<doc>Evaluates the given expression in Python and returns the result.</doc>
<status status="PASS" start="2025-12-21T11:35:11.156025" elapsed="0.001164"/>
</kw>
<kw name="Get Text" owner="Browser">
<msg time="2025-12-21T11:35:11.170642" level="INFO">Text: 'Item total: $39.98'</msg>
<msg time="2025-12-21T11:35:11.171019" level="INFO">${ui_subtotal} = Item total: $39.98</msg>
<var>${ui_subtotal}</var>
<arg>css=div[data-test="subtotal-label"]</arg>
<tag>Assertion</tag>
<tag>Getter</tag>
<tag>PageContent</tag>
<doc>Returns text attribute of the element found by ``selector``.</doc>
<status status="PASS" start="2025-12-21T11:35:11.157950" elapsed="0.013239"/>
</kw>
<kw name="Evaluate" owner="BuiltIn">
<msg time="2025-12-21T11:35:11.172559" level="INFO">${ui_subtotal} = 39.98</msg>
<var>${ui_subtotal}</var>
<arg>float($ui_subtotal.replace('Item total: $',''))</arg>
<doc>Evaluates the given expression in Python and returns the result.</doc>
<status status="PASS" start="2025-12-21T11:35:11.171619" elapsed="0.001097"/>
</kw>
<kw name="Should Be Equal As Numbers" owner="BuiltIn">
<arg>${ui_subtotal}</arg>
<arg>${calculated_sum}</arg>
<doc>Fails if objects are unequal after converting them to real numbers.</doc>
<status status="PASS" start="2025-12-21T11:35:11.173157" elapsed="0.001042"/>
</kw>
<kw name="Get Text" owner="Browser">
<msg time="2025-12-21T11:35:11.191341" level="INFO">Text: 'Tax: $3.20'</msg>
<msg time="2025-12-21T11:35:11.191863" level="INFO">${ui_tax} = Tax: $3.20</msg>
<var>${ui_tax}</var>
<arg>css=div[data-test="tax-label"]</arg>
<tag>Assertion</tag>
<tag>Getter</tag>
<tag>PageContent</tag>
<doc>Returns text attribute of the element found by ``selector``.</doc>
<status status="PASS" start="2025-12-21T11:35:11.174593" elapsed="0.017476"/>
</kw>
<kw name="Evaluate" owner="BuiltIn">
<msg time="2025-12-21T11:35:11.193748" level="INFO">${ui_tax} = 3.2</msg>
<var>${ui_tax}</var>
<arg>float($ui_tax.replace('Tax: $',''))</arg>
<doc>Evaluates the given expression in Python and returns the result.</doc>
<status status="PASS" start="2025-12-21T11:35:11.192660" elapsed="0.001252"/>
</kw>
<kw name="Evaluate" owner="BuiltIn">
<msg time="2025-12-21T11:35:11.195345" level="INFO">${expected_tax} = 3.2</msg>
<var>${expected_tax}</var>
<arg>round($calculated_sum * 0.08, 2)</arg>
<doc>Evaluates the given expression in Python and returns the result.</doc>
<status status="PASS" start="2025-12-21T11:35:11.194378" elapsed="0.001187"/>
</kw>
<kw name="Should Be Equal As Numbers" owner="BuiltIn">
<arg>${ui_tax}</arg>
<arg>${expected_tax}</arg>
<doc>Fails if objects are unequal after converting them to real numbers.</doc>
<status status="PASS" start="2025-12-21T11:35:11.196064" elapsed="0.001127"/>
</kw>
<kw name="Get Text" owner="Browser">
<msg time="2025-12-21T11:35:11.217077" level="INFO">Text: 'Total: $43.18'</msg>
<msg time="2025-12-21T11:35:11.217767" level="INFO">${ui_total} = Total: $43.18</msg>
<var>${ui_total}</var>
<arg>css=div[data-test="total-label"]</arg>
<tag>Assertion</tag>
<tag>Getter</tag>
<tag>PageContent</tag>
<doc>Returns text attribute of the element found by ``selector``.</doc>
<status status="PASS" start="2025-12-21T11:35:11.197967" elapsed="0.020027"/>
</kw>
<kw name="Evaluate" owner="BuiltIn">
<msg time="2025-12-21T11:35:11.221121" level="INFO">${ui_total} = 43.18</msg>
<var>${ui_total}</var>
<arg>float($ui_total.replace('Total: $',''))</arg>
<doc>Evaluates the given expression in Python and returns the result.</doc>
<status status="PASS" start="2025-12-21T11:35:11.219897" elapsed="0.001473"/>
</kw>
<kw name="Evaluate" owner="BuiltIn">
<msg time="2025-12-21T11:35:11.225633" level="INFO">${expected_total} = 43.18</msg>
<var>${expected_total}</var>
<arg>round($calculated_sum + $ui_tax, 2)</arg>
<doc>Evaluates the given expression in Python and returns the result.</doc>
<status status="PASS" start="2025-12-21T11:35:11.224009" elapsed="0.002051"/>
</kw>
<kw name="Should Be Equal As Numbers" owner="BuiltIn">
<arg>${ui_total}</arg>
<arg>${expected_total}</arg>
<doc>Fails if objects are unequal after converting them to real numbers.</doc>
<status status="PASS" start="2025-12-21T11:35:11.247636" elapsed="0.001916"/>
</kw>
<kw name="Close Application" owner="keywords" type="TEARDOWN">
<kw name="Close Browser" owner="Browser">
<msg time="2025-12-21T11:35:11.663052" level="INFO">Closed browser</msg>
<tag>BrowserControl</tag>
<tag>Setter</tag>
<doc>Closes the current browser.</doc>
<status status="PASS" start="2025-12-21T11:35:11.253211" elapsed="0.410585"/>
</kw>
<status status="PASS" start="2025-12-21T11:35:11.252071" elapsed="0.412088"/>
</kw>
<tag>checkout</tag>
<tag>financial</tag>
<tag>regression</tag>
<status status="PASS" start="2025-12-21T11:35:08.086445" elapsed="3.579933"/>
</test>
<status status="PASS" start="2025-12-21T11:35:07.825971" elapsed="3.853940"/>
</suite>
<status status="PASS" start="2025-12-21T11:35:07.819667" elapsed="3.876008"/>
</suite>
<status status="PASS" start="2025-12-21T11:35:07.812369" elapsed="3.887365"/>
</suite>
<status status="PASS" start="2025-12-21T11:35:07.760110" elapsed="3.945175"/>
</suite>
<statistics>
<total>
<stat pass="1" fail="0" skip="0">All Tests</stat>
</total>
<tag>
<stat pass="1" fail="0" skip="0">checkout</stat>
<stat pass="1" fail="0" skip="0">financial</stat>
<stat pass="1" fail="0" skip="0">regression</stat>
</tag>
<suite>
<stat name="Robot tests" id="s1" pass="1" fail="0" skip="0">Robot tests</stat>
<stat name="Tests" id="s1-s1" pass="1" fail="0" skip="0">Robot tests.Tests</stat>
<stat name="E2E" id="s1-s1-s1" pass="1" fail="0" skip="0">Robot tests.Tests.E2E</stat>
<stat name="Checkout" id="s1-s1-s1-s1" pass="1" fail="0" skip="0">Robot tests.Tests.E2E.Checkout</stat>
</suite>
</statistics>
<errors>
</errors>
</robot>
